<?xml version="1.0" encoding="UTF-8"?>
<testsuite xmlns:xsi="http://www.w3.org/2001/XMLSchema-instance" xsi:noNamespaceSchemaLocation="https://maven.apache.org/surefire/maven-surefire-plugin/xsd/surefire-test-report.xsd" name="cesar.school.agile.unit.project.TestEmail" time="0.121" tests="13" errors="0" skipped="0" failures="0">
  <properties>
[...]
</properties>
  <testcase name="testEmailCreationDateNaoPreenchido" classname="cesar.school.agile.unit.project.TestEmail" time="0.034"/>
  <testcase name="testEmailBccNaoPreenchido" classname="cesar.school.agile.unit.project.TestEmail" time="0.001"/>
  <testcase name="testEmailSubjectNaoPreenchido" classname="cesar.school.agile.unit.project.TestEmail" time="0.001"/>
  <testcase name="testEmailToNaoPreenchido" classname="cesar.school.agile.unit.project.TestEmail" time="0.002"/>
  <testcase name="testEmailPreenchido" classname="cesar.school.agile.unit.project.TestEmail" time="0.001"/>
  <testcase name="testGetSubjectValid" classname="cesar.school.agile.unit.project.TestEmail" time="0.001"/>
  <testcase name="testGetMessageValid" classname="cesar.school.agile.unit.project.TestEmail" time="0.001"/>
  <testcase name="testGetMessageNotValid" classname="cesar.school.agile.unit.project.TestEmail" time="0.001"/>
  <testcase name="testEmailMessageNaoPreenchido" classname="cesar.school.agile.unit.project.TestEmail" time="0"/>
  <testcase name="testEmailNaoPreenchido" classname="cesar.school.agile.unit.project.TestEmail" time="0"/>
  <testcase name="testEmailFromNaoPreenchido" classname="cesar.school.agile.unit.project.TestEmail" time="0"/>
  <testcase name="testEmailCcNaoPreenchido" classname="cesar.school.agile.unit.project.TestEmail" time="0"/>
  <testcase name="testGetSubjectNotValid" classname="cesar.school.agile.unit.project.TestEmail" time="0"/>
</testsuite>